0 info it worked if it ends with ok
1 verbose cli [ 'node', '/usr/local/bin/npm', 'install', 'sqlinjection' ]
2 info using npm@1.4.28
3 info using node@v0.10.36
4 verbose readDependencies using package.json deps
5 verbose cache add [ 'sqlinjection', null ]
6 verbose cache add name=undefined spec="sqlinjection" args=["sqlinjection",null]
7 verbose parsed url { protocol: null,
7 verbose parsed url   slashes: null,
7 verbose parsed url   auth: null,
7 verbose parsed url   host: null,
7 verbose parsed url   port: null,
7 verbose parsed url   hostname: null,
7 verbose parsed url   hash: null,
7 verbose parsed url   search: null,
7 verbose parsed url   query: null,
7 verbose parsed url   pathname: 'sqlinjection',
7 verbose parsed url   path: 'sqlinjection',
7 verbose parsed url   href: 'sqlinjection' }
8 silly lockFile 665af2cd-sqlinjection sqlinjection
9 verbose lock sqlinjection /Users/alexandrevey/.npm/665af2cd-sqlinjection.lock
10 silly lockFile 665af2cd-sqlinjection sqlinjection
11 silly lockFile 665af2cd-sqlinjection sqlinjection
12 verbose addNamed [ 'sqlinjection', '' ]
13 verbose addNamed [ null, '*' ]
14 silly lockFile b31c53b5-sqlinjection sqlinjection@
15 verbose lock sqlinjection@ /Users/alexandrevey/.npm/b31c53b5-sqlinjection.lock
16 silly addNameRange { name: 'sqlinjection', range: '*', hasData: false }
17 verbose request where is /sqlinjection
18 verbose request registry https://registry.npmjs.org/
19 verbose request id 2e59ae8c1de0295d
20 verbose url raw /sqlinjection
21 verbose url resolving [ 'https://registry.npmjs.org/', './sqlinjection' ]
22 verbose url resolved https://registry.npmjs.org/sqlinjection
23 verbose request where is https://registry.npmjs.org/sqlinjection
24 info trying registry request attempt 1 at 09:39:15
25 http GET https://registry.npmjs.org/sqlinjection
26 http 404 https://registry.npmjs.org/sqlinjection
27 verbose headers { date: 'Thu, 09 Apr 2015 07:39:16 GMT',
27 verbose headers   server: 'CouchDB/1.5.0 (Erlang OTP/R16B03)',
27 verbose headers   'content-type': 'application/json',
27 verbose headers   'cache-control': 'max-age=0',
27 verbose headers   'content-length': '51',
27 verbose headers   'accept-ranges': 'bytes',
27 verbose headers   via: '1.1 varnish',
27 verbose headers   age: '0',
27 verbose headers   'x-served-by': 'cache-fra1233-FRA',
27 verbose headers   'x-cache': 'MISS',
27 verbose headers   'x-cache-hits': '0',
27 verbose headers   'x-timer': 'S1428565155.606836,VS0,VE717',
27 verbose headers   'keep-alive': 'timeout=10, max=50',
27 verbose headers   connection: 'Keep-Alive' }
28 silly registry.get cb [ 404,
28 silly registry.get   { date: 'Thu, 09 Apr 2015 07:39:16 GMT',
28 silly registry.get     server: 'CouchDB/1.5.0 (Erlang OTP/R16B03)',
28 silly registry.get     'content-type': 'application/json',
28 silly registry.get     'cache-control': 'max-age=0',
28 silly registry.get     'content-length': '51',
28 silly registry.get     'accept-ranges': 'bytes',
28 silly registry.get     via: '1.1 varnish',
28 silly registry.get     age: '0',
28 silly registry.get     'x-served-by': 'cache-fra1233-FRA',
28 silly registry.get     'x-cache': 'MISS',
28 silly registry.get     'x-cache-hits': '0',
28 silly registry.get     'x-timer': 'S1428565155.606836,VS0,VE717',
28 silly registry.get     'keep-alive': 'timeout=10, max=50',
28 silly registry.get     connection: 'Keep-Alive' } ]
29 silly lockFile b31c53b5-sqlinjection sqlinjection@
30 silly lockFile b31c53b5-sqlinjection sqlinjection@
31 error 404 404 Not Found: sqlinjection
31 error 404
31 error 404 'sqlinjection' is not in the npm registry.
31 error 404 You should bug the author to publish it
31 error 404 It was specified as a dependency of 'serveurSEP'
31 error 404
31 error 404 Note that you can also install from a
31 error 404 tarball, folder, or http url, or git url.
32 error System Darwin 14.1.0
33 error command "node" "/usr/local/bin/npm" "install" "sqlinjection"
34 error cwd /Users/alexandrevey/Desktop/4As2/projet tut/sep/Serveur/Serveur/bin
35 error node -v v0.10.36
36 error npm -v 1.4.28
37 error code E404
38 verbose exit [ 1, true ]
