0 info it worked if it ends with ok
1 verbose cli [ 'node', '/usr/local/bin/npm', 'install', 'express' ]
2 info using npm@1.4.28
3 info using node@v0.10.33
4 verbose readDependencies using package.json deps
5 verbose cache add [ 'express@~4.11.1', null ]
6 verbose cache add name=undefined spec="express@~4.11.1" args=["express@~4.11.1",null]
7 verbose parsed url { protocol: null,
7 verbose parsed url   slashes: null,
7 verbose parsed url   auth: null,
7 verbose parsed url   host: null,
7 verbose parsed url   port: null,
7 verbose parsed url   hostname: null,
7 verbose parsed url   hash: null,
7 verbose parsed url   search: null,
7 verbose parsed url   query: null,
7 verbose parsed url   pathname: 'express@~4.11.1',
7 verbose parsed url   path: 'express@~4.11.1',
7 verbose parsed url   href: 'express@~4.11.1' }
8 verbose cache add name="express" spec="~4.11.1" args=["express","~4.11.1"]
9 verbose parsed url { protocol: null,
9 verbose parsed url   slashes: null,
9 verbose parsed url   auth: null,
9 verbose parsed url   host: null,
9 verbose parsed url   port: null,
9 verbose parsed url   hostname: null,
9 verbose parsed url   hash: null,
9 verbose parsed url   search: null,
9 verbose parsed url   query: null,
9 verbose parsed url   pathname: '~4.11.1',
9 verbose parsed url   path: '~4.11.1',
9 verbose parsed url   href: '~4.11.1' }
10 verbose addNamed [ 'express', '~4.11.1' ]
11 verbose addNamed [ null, '>=4.11.1-0 <4.12.0-0' ]
12 silly lockFile 494d735c-express-4-11-1 express@~4.11.1
13 verbose lock express@~4.11.1 /Users/julescantegril/.npm/494d735c-express-4-11-1.lock
14 silly addNameRange { name: 'express',
14 silly addNameRange   range: '>=4.11.1-0 <4.12.0-0',
14 silly addNameRange   hasData: false }
15 verbose request where is /express
16 verbose request registry https://registry.npmjs.org/
17 verbose request id 07859e595e9882bc
18 verbose url raw /express
19 verbose url resolving [ 'https://registry.npmjs.org/', './express' ]
20 verbose url resolved https://registry.npmjs.org/express
21 verbose request where is https://registry.npmjs.org/express
22 info trying registry request attempt 1 at 10:19:09
23 verbose etag "A9VIFC4UZUN0BS73CT9KFIRJJ"
24 http GET https://registry.npmjs.org/express
25 info retry will retry, error on last attempt: Error: tunneling socket could not be established, cause=connect ETIMEDOUT
26 info trying registry request attempt 2 at 10:20:35
27 verbose etag "A9VIFC4UZUN0BS73CT9KFIRJJ"
28 http GET https://registry.npmjs.org/express
29 info retry will retry, error on last attempt: Error: tunneling socket could not be established, cause=connect ETIMEDOUT
30 info trying registry request attempt 3 at 10:22:51
31 verbose etag "A9VIFC4UZUN0BS73CT9KFIRJJ"
32 http GET https://registry.npmjs.org/express
33 silly registry.get cb [ 304, undefined ]
34 verbose etag https://registry.npmjs.org/express from cache
35 silly addNameRange number 2 { name: 'express', range: '>=4.11.1-0 <4.12.0-0', hasData: true }
36 silly addNameRange versions [ 'express',
36 silly addNameRange   [ '0.14.0',
36 silly addNameRange     '0.14.1',
36 silly addNameRange     '1.0.0',
36 silly addNameRange     '1.0.1',
36 silly addNameRange     '1.0.2',
36 silly addNameRange     '1.0.3',
36 silly addNameRange     '1.0.4',
36 silly addNameRange     '1.0.5',
36 silly addNameRange     '1.0.6',
36 silly addNameRange     '1.0.7',
36 silly addNameRange     '1.0.8',
36 silly addNameRange     '2.0.0',
36 silly addNameRange     '2.1.0',
36 silly addNameRange     '2.1.1',
36 silly addNameRange     '2.2.0',
36 silly addNameRange     '2.2.1',
36 silly addNameRange     '2.2.2',
36 silly addNameRange     '2.3.0',
36 silly addNameRange     '2.3.1',
36 silly addNameRange     '2.3.2',
36 silly addNameRange     '2.3.3',
36 silly addNameRange     '2.3.4',
36 silly addNameRange     '2.3.5',
36 silly addNameRange     '2.3.6',
36 silly addNameRange     '2.3.7',
36 silly addNameRange     '2.3.8',
36 silly addNameRange     '2.3.9',
36 silly addNameRange     '2.3.10',
36 silly addNameRange     '2.3.11',
36 silly addNameRange     '2.3.12',
36 silly addNameRange     '2.4.0',
36 silly addNameRange     '2.4.1',
36 silly addNameRange     '2.4.2',
36 silly addNameRange     '2.4.3',
36 silly addNameRange     '2.4.4',
36 silly addNameRange     '2.4.5',
36 silly addNameRange     '2.4.6',
36 silly addNameRange     '2.4.7',
36 silly addNameRange     '2.5.0',
36 silly addNameRange     '2.5.1',
36 silly addNameRange     '2.5.2',
36 silly addNameRange     '2.5.3',
36 silly addNameRange     '2.5.4',
36 silly addNameRange     '2.5.5',
36 silly addNameRange     '2.5.6',
36 silly addNameRange     '2.5.7',
36 silly addNameRange     '2.5.8',
36 silly addNameRange     '2.5.9',
36 silly addNameRange     '2.5.10',
36 silly addNameRange     '2.5.11',
36 silly addNameRange     '3.0.0',
36 silly addNameRange     '3.0.1',
36 silly addNameRange     '3.0.2',
36 silly addNameRange     '3.0.3',
36 silly addNameRange     '3.0.4',
36 silly addNameRange     '3.0.5',
36 silly addNameRange     '3.0.6',
36 silly addNameRange     '3.1.0',
36 silly addNameRange     '3.1.1',
36 silly addNameRange     '3.1.2',
36 silly addNameRange     '3.2.0',
36 silly addNameRange     '3.2.1',
36 silly addNameRange     '3.2.2',
36 silly addNameRange     '3.2.3',
36 silly addNameRange     '3.2.4',
36 silly addNameRange     '3.2.5',
36 silly addNameRange     '3.2.6',
36 silly addNameRange     '3.3.0',
36 silly addNameRange     '3.3.1',
36 silly addNameRange     '3.3.2',
36 silly addNameRange     '3.3.3',
36 silly addNameRange     '3.3.4',
36 silly addNameRange     '3.3.5',
36 silly addNameRange     '3.3.6',
36 silly addNameRange     '1.0.0-beta',
36 silly addNameRange     '1.0.0-beta2',
36 silly addNameRange     '1.0.0-rc',
36 silly addNameRange     '1.0.0-rc2',
36 silly addNameRange     '1.0.0-rc3',
36 silly addNameRange     '1.0.0-rc4',
36 silly addNameRange     '2.0.0-beta',
36 silly addNameRange     '2.0.0-beta2',
36 silly addNameRange     '2.0.0-beta3',
36 silly addNameRange     '2.0.0-rc',
36 silly addNameRange     '2.0.0-rc2',
36 silly addNameRange     '2.0.0-rc3',
36 silly addNameRange     '3.0.0-alpha1',
36 silly addNameRange     '3.0.0-alpha2',
36 silly addNameRange     '3.0.0-alpha3',
36 silly addNameRange     '3.0.0-alpha4',
36 silly addNameRange     '3.0.0-alpha5',
36 silly addNameRange     '3.0.0-beta1',
36 silly addNameRange     '3.0.0-beta2',
36 silly addNameRange     '3.0.0-beta3',
36 silly addNameRange     '3.0.0-beta4',
36 silly addNameRange     '3.0.0-beta6',
36 silly addNameRange     '3.0.0-beta7',
36 silly addNameRange     '3.0.0-rc1',
36 silly addNameRange     '3.0.0-rc2',
36 silly addNameRange     '3.0.0-rc3',
36 silly addNameRange     '3.0.0-rc4',
36 silly addNameRange     '3.0.0-rc5',
36 silly addNameRange     '3.3.7',
36 silly addNameRange     '3.3.8',
36 silly addNameRange     '3.4.0',
36 silly addNameRange     '3.4.1',
36 silly addNameRange     '3.4.2',
36 silly addNameRange     '3.4.3',
36 silly addNameRange     '3.4.4',
36 silly addNameRange     '3.4.5',
36 silly addNameRange     '3.4.6',
36 silly addNameRange     '3.4.7',
36 silly addNameRange     '3.4.8',
36 silly addNameRange     '4.0.0-rc1',
36 silly addNameRange     '4.0.0-rc2',
36 silly addNameRange     '3.5.0',
36 silly addNameRange     '4.0.0-rc3',
36 silly addNameRange     '4.0.0-rc4',
36 silly addNameRange     '3.5.1',
36 silly addNameRange     '4.0.0',
36 silly addNameRange     '3.5.2',
36 silly addNameRange     '4.1.0',
36 silly addNameRange     '4.1.1',
36 silly addNameRange     '3.5.3',
36 silly addNameRange     '4.1.2',
36 silly addNameRange     '3.6.0',
36 silly addNameRange     '4.2.0',
36 silly addNameRange     '3.7.0',
36 silly addNameRange     '3.8.0',
36 silly addNameRange     '4.3.0',
36 silly addNameRange     '4.3.1',
36 silly addNameRange     '3.8.1',
36 silly addNameRange     '4.3.2',
36 silly addNameRange     '3.9.0',
36 silly addNameRange     '4.4.0',
36 silly addNameRange     '4.4.1',
36 silly addNameRange     '3.10.0',
36 silly addNameRange     '3.10.1',
36 silly addNameRange     '3.10.2',
36 silly addNameRange     '3.10.3',
36 silly addNameRange     '3.10.4',
36 silly addNameRange     '4.4.2',
36 silly addNameRange     '3.10.5',
36 silly addNameRange     '4.4.3',
36 silly addNameRange     '3.11.0',
36 silly addNameRange     '4.4.4',
36 silly addNameRange     '3.12.0',
36 silly addNameRange     '3.12.1',
36 silly addNameRange     '4.4.5',
36 silly addNameRange     '3.13.0',
36 silly addNameRange     '4.5.0',
36 silly addNameRange     '4.5.1',
36 silly addNameRange     '3.14.0',
36 silly addNameRange     '4.6.0',
36 silly addNameRange     '4.6.1',
36 silly addNameRange     '3.15.0',
36 silly addNameRange     '4.7.0',
36 silly addNameRange     '3.15.1',
36 silly addNameRange     '4.7.1',
36 silly addNameRange     '3.15.2',
36 silly addNameRange     '4.7.2',
36 silly addNameRange     '4.7.3',
36 silly addNameRange     '3.15.3',
36 silly addNameRange     '4.7.4',
36 silly addNameRange     '3.16.0',
36 silly addNameRange     '4.8.0',
36 silly addNameRange     '3.16.1',
36 silly addNameRange     '4.8.1',
36 silly addNameRange     '3.16.2',
36 silly addNameRange     '4.8.2',
36 silly addNameRange     '3.16.3',
36 silly addNameRange     '3.16.4',
36 silly addNameRange     '4.8.3',
36 silly addNameRange     '3.16.5',
36 silly addNameRange     '3.16.6',
36 silly addNameRange     '4.8.4',
36 silly addNameRange     '3.16.7',
36 silly addNameRange     '4.8.5',
36 silly addNameRange     '3.16.8',
36 silly addNameRange     '4.8.6',
36 silly addNameRange     '3.16.9',
36 silly addNameRange     '4.8.7',
36 silly addNameRange     '3.16.10',
36 silly addNameRange     '4.8.8',
36 silly addNameRange     '3.17.0',
36 silly addNameRange     '3.17.1',
36 silly addNameRange     '4.9.0',
36 silly addNameRange     '3.17.2',
36 silly addNameRange     '4.9.1',
36 silly addNameRange     '4.9.2',
36 silly addNameRange     '3.17.3',
36 silly addNameRange     '4.9.3',
36 silly addNameRange     '3.17.4',
36 silly addNameRange     '4.9.4',
36 silly addNameRange     '3.17.5',
36 silly addNameRange     '4.9.5',
36 silly addNameRange     '3.17.6',
36 silly addNameRange     '3.17.7',
36 silly addNameRange     '4.9.6',
36 silly addNameRange     '4.9.7',
36 silly addNameRange     '3.17.8',
36 silly addNameRange     '4.9.8',
36 silly addNameRange     '3.18.0',
36 silly addNameRange     '3.18.1',
36 silly addNameRange     '4.10.0',
36 silly addNameRange     '3.18.2',
36 silly addNameRange     '4.10.1',
36 silly addNameRange     '5.0.0-alpha.1',
36 silly addNameRange     '3.18.3',
36 silly addNameRange     '4.10.2',
36 silly addNameRange     '3.18.4',
36 silly addNameRange     '4.10.3',
36 silly addNameRange     '4.10.4' ] ]
37 silly lockFile 494d735c-express-4-11-1 express@~4.11.1
38 silly lockFile 494d735c-express-4-11-1 express@~4.11.1
39 error notarget No compatible version found: express@'>=4.11.1-0 <4.12.0-0'
39 error notarget Valid install targets:
39 error notarget ["0.14.0","0.14.1","1.0.0","1.0.1","1.0.2","1.0.3","1.0.4","1.0.5","1.0.6","1.0.7","1.0.8","2.0.0","2.1.0","2.1.1","2.2.0","2.2.1","2.2.2","2.3.0","2.3.1","2.3.2","2.3.3","2.3.4","2.3.5","2.3.6","2.3.7","2.3.8","2.3.9","2.3.10","2.3.11","2.3.12","2.4.0","2.4.1","2.4.2","2.4.3","2.4.4","2.4.5","2.4.6","2.4.7","2.5.0","2.5.1","2.5.2","2.5.3","2.5.4","2.5.5","2.5.6","2.5.7","2.5.8","2.5.9","2.5.10","2.5.11","3.0.0","3.0.1","3.0.2","3.0.3","3.0.4","3.0.5","3.0.6","3.1.0","3.1.1","3.1.2","3.2.0","3.2.1","3.2.2","3.2.3","3.2.4","3.2.5","3.2.6","3.3.0","3.3.1","3.3.2","3.3.3","3.3.4","3.3.5","3.3.6","1.0.0-beta","1.0.0-beta2","1.0.0-rc","1.0.0-rc2","1.0.0-rc3","1.0.0-rc4","2.0.0-beta","2.0.0-beta2","2.0.0-beta3","2.0.0-rc","2.0.0-rc2","2.0.0-rc3","3.0.0-alpha1","3.0.0-alpha2","3.0.0-alpha3","3.0.0-alpha4","3.0.0-alpha5","3.0.0-beta1","3.0.0-beta2","3.0.0-beta3","3.0.0-beta4","3.0.0-beta6","3.0.0-beta7","3.0.0-rc1","3.0.0-rc2","3.0.0-rc3","3.0.0-rc4","3.0.0-rc5","3.3.7","3.3.8","3.4.0","3.4.1","3.4.2","3.4.3","3.4.4","3.4.5","3.4.6","3.4.7","3.4.8","4.0.0-rc1","4.0.0-rc2","3.5.0","4.0.0-rc3","4.0.0-rc4","3.5.1","4.0.0","3.5.2","4.1.0","4.1.1","3.5.3","4.1.2","3.6.0","4.2.0","3.7.0","3.8.0","4.3.0","4.3.1","3.8.1","4.3.2","3.9.0","4.4.0","4.4.1","3.10.0","3.10.1","3.10.2","3.10.3","3.10.4","4.4.2","3.10.5","4.4.3","3.11.0","4.4.4","3.12.0","3.12.1","4.4.5","3.13.0","4.5.0","4.5.1","3.14.0","4.6.0","4.6.1","3.15.0","4.7.0","3.15.1","4.7.1","3.15.2","4.7.2","4.7.3","3.15.3","4.7.4","3.16.0","4.8.0","3.16.1","4.8.1","3.16.2","4.8.2","3.16.3","3.16.4","4.8.3","3.16.5","3.16.6","4.8.4","3.16.7","4.8.5","3.16.8","4.8.6","3.16.9","4.8.7","3.16.10","4.8.8","3.17.0","3.17.1","4.9.0","3.17.2","4.9.1","4.9.2","3.17.3","4.9.3","3.17.4","4.9.4","3.17.5","4.9.5","3.17.6","3.17.7","4.9.6","4.9.7","3.17.8","4.9.8","3.18.0","3.18.1","4.10.0","3.18.2","4.10.1","5.0.0-alpha.1","3.18.3","4.10.2","3.18.4","4.10.3","4.10.4"]
39 error notarget
39 error notarget This is most likely not a problem with npm itself.
39 error notarget In most cases you or one of your dependencies are requesting
39 error notarget a package version that doesn't exist.
40 error System Darwin 13.1.0
41 error command "node" "/usr/local/bin/npm" "install" "express"
42 error cwd /Users/julescantegril/WebstormProjects/Serveur
43 error node -v v0.10.33
44 error npm -v 1.4.28
45 error code ETARGET
46 verbose exit [ 1, true ]
